<?xml version="1.0" encoding="UTF-8"?><testsuite errors="1" failures="0" name="org.restAssured.junit.SerenityTest" skipped="0" tests="1" time="0.0" timestamp="2020-08-240 07:02:20"><testcase classname="org.restAssured.junit.SerenityTest" name="Initialisation"><error message="org.junit.runners.model.FrameworkMethod.getDeclaringClass()Ljava/lang/Class;" type="java.lang.NoSuchMethodError">org.junit.runners.model.FrameworkMethod.getDeclaringClass()Ljava/lang/Class;</error><system-err>org.junit.runners.model.FrameworkMethod.getDeclaringClass()Ljava/lang/Class;&#13;
org.eclipse.jdt.internal.junit4.runner.JUnit4TestReference.run(JUnit4TestReference.java:86)&#13;
org.eclipse.jdt.internal.junit.runner.TestExecution.run(TestExecution.java:38)&#13;
org.eclipse.jdt.internal.junit.runner.RemoteTestRunner.runTests(RemoteTestRunner.java:538)&#13;
org.eclipse.jdt.internal.junit.runner.RemoteTestRunner.runTests(RemoteTestRunner.java:760)&#13;
org.eclipse.jdt.internal.junit.runner.RemoteTestRunner.run(RemoteTestRunner.java:460)&#13;
org.eclipse.jdt.internal.junit.runner.RemoteTestRunner.main(RemoteTestRunner.java:206)&#13;
</system-err></testcase></testsuite>